\BOOKMARK [-1][]{ctitle.-1}{\376\377\122\250\140\001\131\015\147\102\177\121\176\334\171\076\126\342\176\323\147\204\157\024\123\330\162\171\137\201\147\204\136\372\123\312\136\372\152\041\170\024\172\166}{}% 1
\BOOKMARK [0][]{section*.2}{\376\377\144\130\000\040\211\201}{ctitle.-1}% 2
\BOOKMARK [0][]{section*.4}{\376\377\000A\000B\000S\000T\000R\000A\000C\000T}{ctitle.-1}% 3
\BOOKMARK [0][]{section*.7}{\376\377\0001\000\040\176\352\213\272}{ctitle.-1}% 4
\BOOKMARK [1][]{section*.8}{\376\377\0001\000.\0001\000\040\170\024\172\166\200\314\146\157\123\312\141\017\116\111}{section*.7}% 5
\BOOKMARK [1][]{section*.9}{\376\377\0001\000.\0002\000\040\170\024\172\166\163\260\162\266}{section*.7}% 6
\BOOKMARK [2][]{section*.10}{\376\377\0001\000.\0002\000.\0001\000\040\131\015\147\102\177\121\176\334\171\076\126\342\150\300\155\113\163\260\162\266}{section*.9}% 7
\BOOKMARK [2][]{section*.12}{\376\377\0001\000.\0002\000.\0002\000\040\127\316\136\002\230\316\226\151\213\241\173\227\163\260\162\266}{section*.9}% 8
\BOOKMARK [2][]{section*.13}{\376\377\0001\000.\0002\000.\0003\000\040\116\073\211\201\122\033\145\260\160\271}{section*.9}% 9
\BOOKMARK [1][]{section*.14}{\376\377\0001\000.\0003\000\040\172\340\202\202\133\211\143\222}{section*.7}% 10
\BOOKMARK [0][]{section*.15}{\376\377\0002\000\040\166\370\121\163\170\024\172\166}{ctitle.-1}% 11
\BOOKMARK [1][]{section*.16}{\376\377\0002\000.\0001\000\040\122\250\140\001\177\121\176\334\171\076\126\342\150\300\155\113}{section*.15}% 12
\BOOKMARK [2][]{section*.19}{\376\377\0002\000.\0001\000.\0001\000\040\130\236\221\317\200\132\174\173\145\271\154\325}{section*.16}% 13
\BOOKMARK [2][]{section*.20}{\376\377\0002\000.\0001\000.\0002\000\040\217\333\123\026\200\132\174\173\145\271\154\325}{section*.16}% 14
\BOOKMARK [2][]{section*.21}{\376\377\0002\000.\0001\000.\0003\000\040\165\037\142\020\152\041\127\213\145\271\154\325}{section*.16}% 15
\BOOKMARK [1][]{section*.22}{\376\377\0002\000.\0002\000\040\122\250\140\001\177\121\176\334\171\076\126\342\157\024\123\026}{section*.15}% 16
\BOOKMARK [2][]{section*.24}{\376\377\0002\000.\0002\000.\0001\000\040\162\354\172\313\171\076\126\342\157\024\123\026}{section*.22}% 17
\BOOKMARK [2][]{section*.25}{\376\377\0002\000.\0002\000.\0002\000\040\227\136\162\354\172\313\171\076\126\342\157\024\123\026}{section*.22}% 18
\BOOKMARK [2][]{section*.26}{\376\377\0002\000.\0002\000.\0003\000\040\124\014\153\145\171\076\126\342\157\024\123\026}{section*.22}% 19
\BOOKMARK [1][]{section*.27}{\376\377\0002\000.\0003\000\040\127\316\136\002\230\316\226\151\213\241\173\227}{section*.15}% 20
\BOOKMARK [1][]{section*.29}{\376\377\0002\000.\0004\000\040\147\054\172\340\134\017\176\323}{section*.15}% 21
\BOOKMARK [0][]{section*.30}{\376\377\0003\000\040\202\202\160\271\176\323\147\204\134\136\140\047\133\371\171\076\126\342\157\024\123\026\137\161\124\315\126\340\175\040\166\204\143\242\172\166}{ctitle.-1}% 22
\BOOKMARK [1][]{section*.31}{\376\377\0003\000.\0001\000\040\143\242\172\166\145\271\154\325}{section*.30}% 23
\BOOKMARK [1][]{section*.35}{\376\377\0003\000.\0002\000\040\145\160\143\156\226\306}{section*.30}% 24
\BOOKMARK [1][]{section*.38}{\376\377\0003\000.\0003\000\040\133\236\232\214\123\312\232\214\213\301}{section*.30}% 25
\BOOKMARK [2][]{section*.39}{\376\377\0003\000.\0003\000.\0001\000\040\133\236\232\214\123\312\176\323\213\272}{section*.38}% 26
\BOOKMARK [2][]{section*.43}{\376\377\0003\000.\0003\000.\0002\000\040\232\214\213\301}{section*.38}% 27
\BOOKMARK [1][]{section*.49}{\376\377\0003\000.\0004\000\040\147\054\172\340\134\017\176\323}{section*.30}% 28
\BOOKMARK [0][]{section*.50}{\376\377\0004\000\040\207\215\124\010\202\202\160\271\176\247\122\053\171\076\126\342\217\154\171\373\123\302\145\160\166\204\122\250\140\001\177\121\176\334\171\076\126\342\150\300\155\113\165\037\142\020\152\041\127\213}{ctitle.-1}% 29
\BOOKMARK [1][]{section*.51}{\376\377\0004\000.\0001\000\040\000H\000B\000-\000D\000S\000B\000M\152\041\127\213\147\204\136\372}{section*.50}% 30
\BOOKMARK [2][]{section*.52}{\376\377\0004\000.\0001\000.\0001\000\040\173\046\123\367\210\150\171\072}{section*.51}% 31
\BOOKMARK [2][]{section*.54}{\376\377\0004\000.\0001\000.\0002\000\040\000H\000B\000-\000D\000S\000B\000M\152\041\127\213}{section*.51}% 32
\BOOKMARK [1][]{section*.56}{\376\377\0004\000.\0002\000\040\152\041\127\213\154\102\211\343}{section*.50}% 33
\BOOKMARK [2][]{section*.57}{\376\377\0004\000.\0002\000.\0001\000\040\123\330\122\006\143\250\145\255}{section*.56}% 34
\BOOKMARK [2][]{section*.58}{\376\377\0004\000.\0002\000.\0002\000\040\217\355\116\343\173\227\154\325}{section*.56}% 35
\BOOKMARK [1][]{section*.60}{\376\377\0004\000.\0003\000\040\133\236\232\214\123\312\232\214\213\301}{section*.50}% 36
\BOOKMARK [2][]{section*.61}{\376\377\0004\000.\0003\000.\0001\000\040\145\160\143\156\226\306}{section*.60}% 37
\BOOKMARK [2][]{section*.62}{\376\377\0004\000.\0003\000.\0002\000\040\122\250\140\001\171\076\126\342\150\300\155\113}{section*.60}% 38
\BOOKMARK [2][]{section*.79}{\376\377\0004\000.\0003\000.\0003\000\040\171\076\126\342\157\024\123\026\122\006\147\220}{section*.60}% 39
\BOOKMARK [1][]{section*.83}{\376\377\0004\000.\0004\000\040\147\054\172\340\134\017\176\323}{section*.50}% 40
\BOOKMARK [0][]{section*.84}{\376\377\0005\000\040\140\073\176\323\116\016\134\125\147\033}{ctitle.-1}% 41
\BOOKMARK [1][]{section*.85}{\376\377\0005\000.\0001\000\040\140\073\176\323}{section*.84}% 42
\BOOKMARK [1][]{section*.86}{\376\377\0005\000.\0002\000\040\134\125\147\033}{section*.84}% 43
\BOOKMARK [0][]{section*.88}{\376\377\123\302\200\003\145\207\163\056}{ctitle.-1}% 44
\BOOKMARK [0][]{section*.90}{\376\377\123\321\210\150\213\272\145\207\124\214\123\302\122\240\171\321\170\024\140\305\121\265\213\364\146\016}{ctitle.-1}% 45
\BOOKMARK [0][]{section*.92}{\376\377\201\364\000\040\214\042}{ctitle.-1}% 46
